npm verbose cli /home/aarel/.nvm/versions/node/v20.19.5/bin/node /home/aarel/.nvm/versions/node/v20.19.5/bin/npm
npm info using npm@10.8.2
npm info using node@v20.19.5
npm verbose title npm install
npm verbose argv "install" "--registry" "https://registry.npmjs.org" "--progress" "false" "--no-audit" "--no-fund" "--loglevel" "verbose"
npm verbose logfile logs-max:10 dir:/home/aarel/.npm/_logs/2025-11-20T22_44_21_168Z-
npm verbose logfile /home/aarel/.npm/_logs/2025-11-20T22_44_21_168Z-debug-0.log
npm http fetch GET 200 https://registry.npmjs.org/@astrojs%2ftailwind 764ms (cache revalidated)
npm http fetch GET 200 https://registry.npmjs.org/astro 230ms (cache revalidated)
npm http fetch GET 200 https://registry.npmjs.org/tailwindcss 709ms (cache updated)
npm http fetch GET 200 https://registry.npmjs.org/@astrojs%2fcheck 94ms (cache revalidated)
npm http fetch GET 200 https://registry.npmjs.org/typescript 134ms (cache revalidated)
npm http fetch GET 200 https://registry.npmjs.org/@types%2fnode 137ms (cache revalidated)
npm http fetch GET 200 https://registry.npmjs.org/autoprefixer 78ms (cache revalidated)
npm http fetch GET 200 https://registry.npmjs.org/postcss 68ms (cache revalidated)
npm http fetch GET 200 https://registry.npmjs.org/@astrojs%2flanguage-server 95ms (cache revalidated)
npm http fetch GET 200 https://registry.npmjs.org/didyoumean 49ms (cache revalidated)
npm http fetch GET 200 https://registry.npmjs.org/fast-glob 201ms (cache revalidated)
npm http fetch GET 200 https://registry.npmjs.org/micromatch 55ms (cache revalidated)
npm http fetch GET 200 https://registry.npmjs.org/dlv 226ms (cache revalidated)
npm http fetch GET 200 https://registry.npmjs.org/fast-glob 237ms (cache revalidated)
npm http fetch GET 200 https://registry.npmjs.org/is-glob 241ms (cache revalidated)
npm http fetch GET 200 https://registry.npmjs.org/jiti 242ms (cache revalidated)
npm http fetch GET 200 https://registry.npmjs.org/kleur 247ms (cache revalidated)
npm http fetch GET 200 https://registry.npmjs.org/sucrase 251ms (cache revalidated)
npm http fetch GET 200 https://registry.npmjs.org/resolve 255ms (cache revalidated)
npm http fetch GET 200 https://registry.npmjs.org/yargs 260ms (cache revalidated)
npm http fetch GET 200 https://registry.npmjs.org/picocolors 69ms (cache revalidated)
npm http fetch GET 200 https://registry.npmjs.org/lilconfig 270ms (cache revalidated)
npm http fetch GET 200 https://registry.npmjs.org/chokidar 273ms (cache revalidated)
npm http fetch GET 200 https://registry.npmjs.org/chokidar 279ms (cache revalidated)
npm http fetch GET 200 https://registry.npmjs.org/postcss-js 76ms (cache revalidated)
npm http fetch GET 200 https://registry.npmjs.org/arg 295ms (cache revalidated)
npm http fetch GET 200 https://registry.npmjs.org/postcss-load-config 296ms (cache revalidated)
npm http fetch GET 200 https://registry.npmjs.org/glob-parent 100ms (cache revalidated)
npm http fetch GET 200 https://registry.npmjs.org/postcss-load-config 97ms (cache revalidated)
npm http fetch GET 200 https://registry.npmjs.org/normalize-path 115ms (cache revalidated)
npm http fetch GET 200 https://registry.npmjs.org/clsx 81ms (cache revalidated)
npm http fetch GET 200 https://registry.npmjs.org/postcss-nested 113ms (cache revalidated)
npm http fetch GET 200 https://registry.npmjs.org/object-hash 121ms (cache revalidated)
npm http fetch GET 200 https://registry.npmjs.org/postcss-import 117ms (cache revalidated)
npm http fetch GET 200 https://registry.npmjs.org/diff 84ms (cache revalidated)
npm http fetch GET 200 https://registry.npmjs.org/acorn 71ms (cache revalidated)
npm http fetch GET 200 https://registry.npmjs.org/dset 90ms (cache revalidated)
npm http fetch GET 200 https://registry.npmjs.org/ora 110ms (cache revalidated)
npm http fetch GET 200 https://registry.npmjs.org/postcss-selector-parser 124ms (cache revalidated)
npm http fetch GET 200 https://registry.npmjs.org/@alloc%2fquick-lru 134ms (cache revalidated)
npm http fetch GET 200 https://registry.npmjs.org/zod 129ms (cache revalidated)
npm http fetch GET 200 https://registry.npmjs.org/vite 160ms (cache revalidated)
npm http fetch GET 200 https://registry.npmjs.org/boxen 361ms (cache revalidated)
npm http fetch GET 200 https://registry.npmjs.org/mrmime 335ms (cache revalidated)
npm http fetch GET 200 https://registry.npmjs.org/cssesc 338ms (cache revalidated)
npm http fetch GET 200 https://registry.npmjs.org/rehype 335ms (cache revalidated)
npm http fetch GET 200 https://registry.npmjs.org/cookie 341ms (cache revalidated)
npm http fetch GET 200 https://registry.npmjs.org/debug 347ms (cache revalidated)
npm http fetch GET 200 https://registry.npmjs.org/vfile 347ms (cache revalidated)
npm http fetch GET 200 https://registry.npmjs.org/semver 337ms (cache revalidated)
npm http fetch GET 200 https://registry.npmjs.org/vitefu 337ms (cache revalidated)
npm http fetch GET 200 https://registry.npmjs.org/shiki 354ms (cache revalidated)
npm http fetch GET 200 https://registry.npmjs.org/devalue 379ms (cache revalidated)
npm http fetch GET 200 https://registry.npmjs.org/js-yaml 84ms (cache revalidated)
npm http fetch GET 200 https://registry.npmjs.org/esbuild 381ms (cache revalidated)
npm http fetch GET 200 https://registry.npmjs.org/ci-info 395ms (cache revalidated)
npm http fetch GET 200 https://registry.npmjs.org/p-limit 88ms (cache revalidated)
npm http fetch GET 200 https://registry.npmjs.org/magicast 87ms (cache revalidated)
npm http fetch GET 200 https://registry.npmjs.org/p-queue 91ms (cache revalidated)
npm http fetch GET 200 https://registry.npmjs.org/prompts 93ms (cache revalidated)
npm http fetch GET 200 https://registry.npmjs.org/tinyexec 94ms (cache revalidated)
npm http fetch GET 200 https://registry.npmjs.org/flattie 393ms (cache revalidated)
npm http fetch GET 200 https://registry.npmjs.org/aria-query 101ms (cache revalidated)
npm http fetch GET 200 https://registry.npmjs.org/tsconfck 107ms (cache revalidated)
npm http fetch GET 200 https://registry.npmjs.org/@babel%2fcore 105ms (cache revalidated)
npm http fetch GET 200 https://registry.npmjs.org/which-pm 121ms (cache revalidated)
npm http fetch GET 200 https://registry.npmjs.org/zod-to-ts 151ms (cache revalidated)
npm http fetch GET 200 https://registry.npmjs.org/yargs-parser 75ms (cache revalidated)
npm http fetch GET 200 https://registry.npmjs.org/axobject-query 59ms (cache revalidated)
npm http fetch GET 200 https://registry.npmjs.org/preferred-pm 81ms (cache revalidated)
npm http fetch GET 200 https://registry.npmjs.org/magic-string 84ms (cache revalidated)
npm http fetch GET 200 https://registry.npmjs.org/xxhash-wasm 106ms (cache revalidated)
npm http fetch GET 200 https://registry.npmjs.org/gray-matter 116ms (cache revalidated)
npm http fetch GET 200 https://registry.npmjs.org/neotraverse 115ms (cache revalidated)
npm http fetch GET 200 https://registry.npmjs.org/@babel%2ftypes 105ms (cache revalidated)
npm http fetch GET 200 https://registry.npmjs.org/github-slugger 83ms (cache revalidated)
npm http fetch GET 200 https://registry.npmjs.org/estree-walker 88ms (cache revalidated)
npm http fetch GET 200 https://registry.npmjs.org/html-escaper 119ms (cache revalidated)
npm http fetch GET 200 https://registry.npmjs.org/@types%2fcookie 104ms (cache revalidated)
npm http fetch GET 200 https://registry.npmjs.org/es-module-lexer 80ms (cache revalidated)
npm http fetch GET 200 https://registry.npmjs.org/@oslojs%2fencoding 81ms (cache revalidated)
npm http fetch GET 200 https://registry.npmjs.org/unist-util-visit 95ms (cache revalidated)
npm http fetch GET 200 https://registry.npmjs.org/common-ancestor-path 88ms (cache revalidated)
npm http fetch GET 200 https://registry.npmjs.org/@astrojs%2fcompiler 114ms (cache revalidated)
npm http fetch GET 200 https://registry.npmjs.org/sharp 89ms (cache revalidated)
npm http fetch GET 200 https://registry.npmjs.org/@rollup%2fpluginutils 123ms (cache revalidated)
npm http fetch GET 200 https://registry.npmjs.org/browserslist 96ms (cache revalidated)
npm http fetch GET 200 https://registry.npmjs.org/zod-to-json-schema 134ms (cache revalidated)
npm http fetch GET 200 https://registry.npmjs.org/@astrojs%2fmarkdown-remark 125ms (cache revalidated)
npm http fetch GET 200 https://registry.npmjs.org/@astrojs%2ftelemetry 143ms (cache revalidated)
npm http fetch GET 200 https://registry.npmjs.org/undici-types 113ms (cache revalidated)
npm http fetch GET 200 https://registry.npmjs.org/@babel%2fplugin-transform-react-jsx 118ms (cache revalidated)
npm http fetch GET 200 https://registry.npmjs.org/@types%2fbabel__core 151ms (cache revalidated)
npm http fetch GET 200 https://registry.npmjs.org/@astrojs%2finternal-helpers 127ms (cache revalidated)
npm http fetch GET 200 https://registry.npmjs.org/deterministic-object-hash 127ms (cache revalidated)
npm http fetch GET 200 https://registry.npmjs.org/http-cache-semantics 144ms (cache revalidated)
npm http fetch GET 200 https://registry.npmjs.org/caniuse-lite 76ms (cache revalidated)
npm http fetch GET 200 https://registry.npmjs.org/fraction.js 71ms (cache revalidated)
npm http fetch GET 200 https://registry.npmjs.org/normalize-range 111ms (cache revalidated)
npm http fetch GET 200 https://registry.npmjs.org/postcss-value-parser 104ms (cache revalidated)
npm http fetch GET 200 https://registry.npmjs.org/source-map-js 116ms (cache revalidated)
npm http fetch GET 200 https://registry.npmjs.org/nanoid 136ms (cache revalidated)
npm http fetch GET 200 https://registry.npmjs.org/prettier 55ms (cache revalidated)
npm http fetch GET 200 https://registry.npmjs.org/prettier-plugin-astro 78ms (cache revalidated)
npm http fetch GET 200 https://registry.npmjs.org/vscode-uri 54ms (cache revalidated)
npm http fetch GET 200 https://registry.npmjs.org/volar-service-css 64ms (cache revalidated)
npm http fetch GET 200 https://registry.npmjs.org/volar-service-html 65ms (cache revalidated)
npm http fetch GET 200 https://registry.npmjs.org/muggle-string 86ms (cache revalidated)
npm http fetch GET 200 https://registry.npmjs.org/volar-service-prettier 86ms (cache revalidated)
npm http fetch GET 200 https://registry.npmjs.org/volar-service-emmet 88ms (cache revalidated)
npm http fetch GET 200 https://registry.npmjs.org/@volar%2fkit 96ms (cache revalidated)
npm http fetch GET 200 https://registry.npmjs.org/@volar%2flanguage-core 96ms (cache revalidated)
npm http fetch GET 200 https://registry.npmjs.org/vscode-html-languageservice 100ms (cache revalidated)
npm http fetch GET 200 https://registry.npmjs.org/volar-service-typescript-twoslash-queries 63ms (cache revalidated)
npm http fetch GET 200 https://registry.npmjs.org/@jridgewell%2fsourcemap-codec 131ms (cache revalidated)
npm http fetch GET 200 https://registry.npmjs.org/@astrojs%2fyaml2ts 136ms (cache revalidated)
npm http fetch GET 200 https://registry.npmjs.org/volar-service-typescript 142ms (cache revalidated)
npm http fetch GET 200 https://registry.npmjs.org/anymatch 90ms (cache revalidated)
npm http fetch GET 200 https://registry.npmjs.org/@volar%2flanguage-service 156ms (cache revalidated)
npm http fetch GET 200 https://registry.npmjs.org/braces 98ms (cache revalidated)
npm http fetch GET 200 https://registry.npmjs.org/fsevents 77ms (cache revalidated)
npm http fetch GET 200 https://registry.npmjs.org/volar-service-yaml 171ms (cache revalidated)
npm http fetch GET 200 https://registry.npmjs.org/is-binary-path 92ms (cache revalidated)
npm http fetch GET 200 https://registry.npmjs.org/y18n 64ms (cache revalidated)
npm http fetch GET 200 https://registry.npmjs.org/@nodelib%2ffs.stat 91ms (cache revalidated)
npm http fetch GET 200 https://registry.npmjs.org/@nodelib%2ffs.walk 89ms (cache revalidated)
npm http fetch GET 200 https://registry.npmjs.org/readdirp 102ms (cache revalidated)
npm http fetch GET 200 https://registry.npmjs.org/merge2 85ms (cache revalidated)
npm http fetch GET 200 https://registry.npmjs.org/cliui 61ms (cache revalidated)
npm http fetch GET 200 https://registry.npmjs.org/escalade 77ms (cache revalidated)
npm http fetch GET 200 https://registry.npmjs.org/string-width 70ms (cache revalidated)
npm http fetch GET 200 https://registry.npmjs.org/@volar%2flanguage-server 215ms (cache revalidated)
npm http fetch GET 200 https://registry.npmjs.org/require-directory 69ms (cache revalidated)
npm http fetch GET 200 https://registry.npmjs.org/get-caller-file 76ms (cache revalidated)
npm http fetch GET 200 https://registry.npmjs.org/typescript 29ms (cache hit)
npm http fetch GET 200 https://registry.npmjs.org/typesafe-path 88ms (cache revalidated)
npm http fetch GET 200 https://registry.npmjs.org/request-light 89ms (cache revalidated)
npm http fetch GET 200 https://registry.npmjs.org/path-browserify 104ms (cache revalidated)
npm http fetch GET 200 https://registry.npmjs.org/@volar%2ftypescript 105ms (cache revalidated)
npm http fetch GET 200 https://registry.npmjs.org/yaml 110ms (cache revalidated)
npm http fetch GET 200 https://registry.npmjs.org/vscode-languageserver-textdocument 115ms (cache revalidated)
npm http fetch GET 200 https://registry.npmjs.org/vscode-languageserver-textdocument 124ms (cache revalidated)
npm http fetch GET 200 https://registry.npmjs.org/@volar%2ftypescript 127ms (cache revalidated)
npm http fetch GET 200 https://registry.npmjs.org/vscode-languageserver-protocol 126ms (cache revalidated)
npm http fetch GET 200 https://registry.npmjs.org/vscode-languageserver-textdocument 128ms (cache revalidated)
npm http fetch GET 200 https://registry.npmjs.org/vscode-languageserver-textdocument 129ms (cache revalidated)
npm http fetch GET 200 https://registry.npmjs.org/vscode-languageserver 139ms (cache revalidated)
npm http fetch GET 200 https://registry.npmjs.org/vscode-languageserver-protocol 145ms (cache revalidated)
npm http fetch GET 200 https://registry.npmjs.org/@volar%2fsource-map 150ms (cache revalidated)
npm http fetch GET 200 https://registry.npmjs.org/vscode-languageserver-textdocument 44ms (cache hit)
npm http fetch GET 200 https://registry.npmjs.org/vscode-css-languageservice 154ms (cache revalidated)
npm http fetch GET 200 https://registry.npmjs.org/typescript-auto-import-cache 81ms (cache revalidated)
npm http fetch GET 200 https://registry.npmjs.org/vscode-nls 92ms (cache revalidated)
npm http fetch GET 200 https://registry.npmjs.org/vscode-languageserver-types 79ms (cache revalidated)
npm http fetch GET 200 https://registry.npmjs.org/yaml-language-server 91ms (cache revalidated)
npm http fetch GET 200 https://registry.npmjs.org/@emmetio%2fhtml-matcher 124ms (cache revalidated)
npm http fetch GET 200 https://registry.npmjs.org/@vscode%2fl10n 135ms (cache revalidated)
npm http fetch GET 200 https://registry.npmjs.org/@vscode%2femmet-helper 236ms (cache revalidated)
npm http fetch GET 200 https://registry.npmjs.org/ts-node 54ms (cache revalidated)
npm http fetch GET 200 https://registry.npmjs.org/@swc%2fcore 282ms (cache updated)
npm http fetch GET 200 https://registry.npmjs.org/@swc%2fhelpers 91ms (cache revalidated)
npm http fetch GET 200 https://registry.npmjs.org/@swc%2fwasm 231ms (cache updated)
npm http fetch GET 200 https://registry.npmjs.org/@types%2fnode 15ms (cache hit)
npm http fetch GET 200 https://registry.npmjs.org/typescript 39ms (cache hit)
npm http fetch GET 200 https://registry.npmjs.org/vscode-jsonrpc 283ms (cache revalidated)
npm http fetch GET 200 https://registry.npmjs.org/@types%2fnode 14ms (cache hit)
npm http fetch GET 200 https://registry.npmjs.org/less 66ms (cache revalidated)
npm http fetch GET 200 https://registry.npmjs.org/lightningcss 64ms (cache revalidated)
npm http fetch GET 200 https://registry.npmjs.org/sass 84ms (cache revalidated)
npm http fetch GET 200 https://registry.npmjs.org/sass-embedded 67ms (cache revalidated)
npm http fetch GET 200 https://registry.npmjs.org/stylus 71ms (cache revalidated)
npm http fetch GET 200 https://registry.npmjs.org/sugarss 64ms (cache revalidated)
npm http fetch GET 200 https://registry.npmjs.org/terser 64ms (cache revalidated)
npm http fetch GET 200 https://registry.npmjs.org/typescript 18ms (cache hit)
npm http fetch GET 200 https://registry.npmjs.org/typescript 22ms (cache hit)
npm http fetch GET 200 https://registry.npmjs.org/rollup 108ms (cache revalidated)
npm http fetch GET 200 https://registry.npmjs.org/remark-gfm 84ms (cache revalidated)
npm http fetch GET 200 https://registry.npmjs.org/unist-util-visit-parents 79ms (cache revalidated)
npm http fetch GET 200 https://registry.npmjs.org/unist-util-remove-position 84ms (cache revalidated)
npm http fetch GET 200 https://registry.npmjs.org/import-meta-resolve 88ms (cache revalidated)
npm http fetch GET 200 https://registry.npmjs.org/rehype-stringify 90ms (cache revalidated)
npm http fetch GET 200 https://registry.npmjs.org/unified 95ms (cache revalidated)
npm http fetch GET 200 https://registry.npmjs.org/is-wsl 97ms (cache revalidated)
npm http fetch GET 200 https://registry.npmjs.org/hast-util-to-text 102ms (cache revalidated)
npm http fetch GET 200 https://registry.npmjs.org/remark-rehype 105ms (cache revalidated)
npm http fetch GET 200 https://registry.npmjs.org/mdast-util-definitions 103ms (cache revalidated)
npm http fetch GET 200 https://registry.npmjs.org/hast-util-from-html 106ms (cache revalidated)
npm http fetch GET 200 https://registry.npmjs.org/@astrojs%2fprism 110ms (cache revalidated)
npm http fetch GET 200 https://registry.npmjs.org/remark-parse 115ms (cache revalidated)
npm http fetch GET 200 https://registry.npmjs.org/remark-smartypants 119ms (cache revalidated)
npm http fetch GET 200 https://registry.npmjs.org/rehype-raw 127ms (cache revalidated)
npm http fetch GET 200 https://registry.npmjs.org/is-docker 61ms (cache revalidated)
npm http fetch GET 200 https://registry.npmjs.org/which-pm-runs 68ms (cache revalidated)
npm http fetch GET 200 https://registry.npmjs.org/@babel%2fhelper-compilation-targets 97ms (cache revalidated)
npm http fetch GET 200 https://registry.npmjs.org/convert-source-map 80ms (cache revalidated)
npm http fetch GET 200 https://registry.npmjs.org/@babel%2fcode-frame 109ms (cache revalidated)
npm http fetch GET 200 https://registry.npmjs.org/@babel%2fparser 97ms (cache revalidated)
npm http fetch GET 200 https://registry.npmjs.org/@babel%2fgenerator 119ms (cache revalidated)
npm http fetch GET 200 https://registry.npmjs.org/@babel%2fhelper-module-transforms 119ms (cache revalidated)
npm http fetch GET 200 https://registry.npmjs.org/@babel%2ftraverse 108ms (cache revalidated)
npm http fetch GET 200 https://registry.npmjs.org/json5 97ms (cache revalidated)
npm http fetch GET 200 https://registry.npmjs.org/gensync 103ms (cache revalidated)
npm http fetch GET 200 https://registry.npmjs.org/@babel%2fhelpers 119ms (cache revalidated)
npm http fetch GET 200 https://registry.npmjs.org/@jridgewell%2fremapping 126ms (cache revalidated)
npm http fetch GET 200 https://registry.npmjs.org/@babel%2fplugin-syntax-jsx 109ms (cache revalidated)
npm http fetch GET 200 https://registry.npmjs.org/@babel%2ftemplate 132ms (cache revalidated)
npm http fetch GET 200 https://registry.npmjs.org/@babel%2fhelper-module-imports 87ms (cache revalidated)
npm http fetch GET 200 https://registry.npmjs.org/@babel%2fhelper-plugin-utils 96ms (cache revalidated)
npm http fetch GET 200 https://registry.npmjs.org/@babel%2fhelper-annotate-as-pure 66ms (cache revalidated)
npm http fetch GET 200 https://registry.npmjs.org/@babel%2fhelper-string-parser 80ms (cache revalidated)
npm http fetch GET 200 https://registry.npmjs.org/picomatch 83ms (cache revalidated)
npm http fetch GET 200 https://registry.npmjs.org/@babel%2fhelper-validator-identifier 98ms (cache revalidated)
npm http fetch GET 200 https://registry.npmjs.org/base-64 69ms (cache revalidated)
npm http fetch GET 200 https://registry.npmjs.org/wrap-ansi 74ms (cache revalidated)
npm http fetch GET 200 https://registry.npmjs.org/widest-line 79ms (cache revalidated)
npm http fetch GET 200 https://registry.npmjs.org/ms 81ms (cache revalidated)
npm http fetch GET 200 https://registry.npmjs.org/@types%2festree 117ms (cache revalidated)
npm http fetch GET 200 https://registry.npmjs.org/chalk 102ms (cache revalidated)
npm http fetch GET 200 https://registry.npmjs.org/camelcase 106ms (cache revalidated)
npm http fetch GET 200 https://registry.npmjs.org/cli-boxes 108ms (cache revalidated)
npm http fetch GET 200 https://registry.npmjs.org/type-fest 116ms (cache revalidated)
npm http fetch GET 200 https://registry.npmjs.org/ansi-align 129ms (cache revalidated)
npm http fetch GET 200 https://registry.npmjs.org/@esbuild%2flinux-arm 87ms (cache revalidated)
npm http fetch GET 200 https://registry.npmjs.org/@esbuild%2faix-ppc64 107ms (cache revalidated)
npm http fetch GET 200 https://registry.npmjs.org/@esbuild%2fwin32-x64 65ms (cache revalidated)
npm http fetch GET 200 https://registry.npmjs.org/@esbuild%2flinux-x64 95ms (cache revalidated)
npm http fetch GET 200 https://registry.npmjs.org/@esbuild%2fsunos-x64 74ms (cache revalidated)
npm http fetch GET 200 https://registry.npmjs.org/@esbuild%2fdarwin-x64 75ms (cache revalidated)
npm http fetch GET 200 https://registry.npmjs.org/@esbuild%2fandroid-x64 81ms (cache revalidated)
npm http fetch GET 200 https://registry.npmjs.org/@esbuild%2fnetbsd-x64 95ms (cache revalidated)
npm http fetch GET 200 https://registry.npmjs.org/@esbuild%2flinux-ia32 109ms (cache revalidated)
npm http fetch GET 200 https://registry.npmjs.org/@esbuild%2ffreebsd-x64 100ms (cache revalidated)
npm http fetch GET 200 https://registry.npmjs.org/@esbuild%2fwin32-ia32 106ms (cache revalidated)
npm http fetch GET 200 https://registry.npmjs.org/@esbuild%2ffreebsd-arm64 62ms (cache revalidated)
npm http fetch GET 200 https://registry.npmjs.org/@esbuild%2flinux-arm64 109ms (cache revalidated)
npm http fetch GET 200 https://registry.npmjs.org/@esbuild%2fandroid-arm64 74ms (cache revalidated)
npm http fetch GET 200 https://registry.npmjs.org/@esbuild%2fdarwin-arm64 81ms (cache revalidated)
npm http fetch GET 200 https://registry.npmjs.org/@esbuild%2fopenbsd-x64 101ms (cache revalidated)
npm http fetch GET 200 https://registry.npmjs.org/@esbuild%2flinux-ppc64 106ms (cache revalidated)
npm http fetch GET 200 https://registry.npmjs.org/@esbuild%2flinux-s390x 109ms (cache revalidated)
npm http fetch GET 200 https://registry.npmjs.org/@esbuild%2fwin32-arm64 106ms (cache revalidated)
npm http fetch GET 200 https://registry.npmjs.org/@esbuild%2fandroid-arm 142ms (cache revalidated)
npm http fetch GET 200 https://registry.npmjs.org/@esbuild%2flinux-riscv64 74ms (cache revalidated)
npm http fetch GET 200 https://registry.npmjs.org/section-matter 56ms (cache revalidated)
npm http fetch GET 200 https://registry.npmjs.org/@esbuild%2flinux-mips64el 74ms (cache revalidated)
npm http fetch GET 200 https://registry.npmjs.org/@esbuild%2flinux-loong64 104ms (cache revalidated)
npm http fetch GET 200 https://registry.npmjs.org/argparse 64ms (cache revalidated)
npm http fetch GET 200 https://registry.npmjs.org/kind-of 80ms (cache revalidated)
npm http fetch GET 200 https://registry.npmjs.org/strip-bom-string 77ms (cache revalidated)
npm http fetch GET 200 https://registry.npmjs.org/is-unicode-supported 59ms (cache revalidated)
npm http fetch GET 200 https://registry.npmjs.org/log-symbols 78ms (cache revalidated)
npm http fetch GET 200 https://registry.npmjs.org/stdin-discarder 70ms (cache revalidated)
npm http fetch GET 200 https://registry.npmjs.org/cli-cursor 87ms (cache revalidated)
npm http fetch GET 200 https://registry.npmjs.org/strip-ansi 84ms (cache revalidated)
npm http fetch GET 200 https://registry.npmjs.org/is-interactive 81ms (cache revalidated)
npm http fetch GET 200 https://registry.npmjs.org/cli-spinners 90ms (cache revalidated)
npm http fetch GET 200 https://registry.npmjs.org/p-timeout 58ms (cache revalidated)
npm http fetch GET 200 https://registry.npmjs.org/find-yarn-workspace-root2 52ms (cache revalidated)
npm http fetch GET 200 https://registry.npmjs.org/sisteransi 50ms (cache revalidated)
npm http fetch GET 200 https://registry.npmjs.org/eventemitter3 68ms (cache revalidated)
npm http fetch GET 200 https://registry.npmjs.org/yocto-queue 88ms (cache revalidated)
npm http fetch GET 200 https://registry.npmjs.org/find-up-simple 78ms (cache revalidated)
npm http fetch GET 200 https://registry.npmjs.org/rehype-parse 59ms (cache revalidated)
npm http fetch GET 200 https://registry.npmjs.org/color 75ms (cache revalidated)
npm http fetch GET 200 https://registry.npmjs.org/detect-libc 75ms (cache revalidated)
npm http fetch GET 200 https://registry.npmjs.org/@types%2fhast 99ms (cache revalidated)
npm http fetch GET 200 https://registry.npmjs.org/@img%2fsharp-linux-x64 89ms (cache revalidated)
npm http fetch GET 200 https://registry.npmjs.org/@img%2fsharp-win32-x64 106ms (cache revalidated)
npm http fetch GET 200 https://registry.npmjs.org/@img%2fsharp-wasm32 112ms (cache revalidated)
npm http fetch GET 200 https://registry.npmjs.org/@img%2fsharp-linux-arm64 94ms (cache revalidated)
npm http fetch GET 200 https://registry.npmjs.org/@img%2fsharp-darwin-arm64 97ms (cache revalidated)
npm http fetch GET 200 https://registry.npmjs.org/@img%2fsharp-darwin-x64 110ms (cache revalidated)
npm http fetch GET 200 https://registry.npmjs.org/@img%2fsharp-linux-s390x 101ms (cache revalidated)
npm http fetch GET 200 https://registry.npmjs.org/@img%2fsharp-linux-arm 124ms (cache revalidated)
npm http fetch GET 200 https://registry.npmjs.org/@img%2fsharp-linuxmusl-arm64 94ms (cache revalidated)
npm http fetch GET 200 https://registry.npmjs.org/@img%2fsharp-libvips-linux-x64 66ms (cache revalidated)
npm http fetch GET 200 https://registry.npmjs.org/@img%2fsharp-linuxmusl-x64 106ms (cache revalidated)
npm http fetch GET 200 https://registry.npmjs.org/@img%2fsharp-libvips-linux-arm 105ms (cache revalidated)
npm http fetch GET 200 https://registry.npmjs.org/@img%2fsharp-win32-ia32 143ms (cache revalidated)
npm http fetch GET 200 https://registry.npmjs.org/@img%2fsharp-libvips-linux-arm64 101ms (cache revalidated)
npm http fetch GET 200 https://registry.npmjs.org/@img%2fsharp-libvips-linux-s390x 84ms (cache revalidated)
npm http fetch GET 200 https://registry.npmjs.org/@img%2fsharp-libvips-darwin-arm64 90ms (cache revalidated)
npm http fetch GET 200 https://registry.npmjs.org/@img%2fsharp-libvips-darwin-x64 128ms (cache revalidated)
npm http fetch GET 200 https://registry.npmjs.org/unist-util-is 49ms (cache revalidated)
npm http fetch GET 200 https://registry.npmjs.org/@img%2fsharp-libvips-linuxmusl-arm64 94ms (cache revalidated)
npm http fetch GET 200 https://registry.npmjs.org/@shikijs%2fthemes 83ms (cache revalidated)
npm http fetch GET 200 https://registry.npmjs.org/rollup 20ms (cache hit)
npm http fetch GET 200 https://registry.npmjs.org/@shikijs%2ftypes 130ms (cache revalidated)
npm http fetch GET 200 https://registry.npmjs.org/@shikijs%2flangs 133ms (cache revalidated)
npm http fetch GET 200 https://registry.npmjs.org/@shikijs%2fvscode-textmate 128ms (cache revalidated)
npm http fetch GET 200 https://registry.npmjs.org/@shikijs%2fcore 139ms (cache revalidated)
npm http fetch GET 200 https://registry.npmjs.org/@img%2fsharp-libvips-linuxmusl-x64 153ms (cache revalidated)
npm http fetch GET 200 https://registry.npmjs.org/@types%2funist 122ms (cache revalidated)
npm http fetch GET 200 https://registry.npmjs.org/load-yaml-file 63ms (cache revalidated)
npm http fetch GET 200 https://registry.npmjs.org/vfile-message 89ms (cache revalidated)
npm http fetch GET 200 https://registry.npmjs.org/@shikijs%2fengine-oniguruma 135ms (cache revalidated)
npm http fetch GET 200 https://registry.npmjs.org/@types%2funist 106ms (cache revalidated)
npm http fetch GET 200 https://registry.npmjs.org/@shikijs%2fengine-javascript 183ms (cache revalidated)
npm http fetch GET 200 https://registry.npmjs.org/hast-util-is-element 98ms (cache revalidated)
npm http fetch GET 200 https://registry.npmjs.org/remark-stringify 98ms (cache revalidated)
npm http fetch GET 200 https://registry.npmjs.org/unist-util-find-after 103ms (cache revalidated)
npm http fetch GET 200 https://registry.npmjs.org/micromark-extension-gfm 106ms (cache revalidated)
npm http fetch GET 200 https://registry.npmjs.org/prismjs 110ms (cache revalidated)
npm http fetch GET 200 https://registry.npmjs.org/mdast-util-gfm 109ms (cache revalidated)
npm http fetch GET 200 https://registry.npmjs.org/devlop 121ms (cache revalidated)
npm http fetch GET 200 https://registry.npmjs.org/@types%2fmdast 122ms (cache revalidated)
npm http fetch GET 200 https://registry.npmjs.org/parse5 124ms (cache revalidated)
npm http fetch GET 200 https://registry.npmjs.org/hast-util-to-html 129ms (cache revalidated)
npm http fetch GET 200 https://registry.npmjs.org/hast-util-raw 130ms (cache revalidated)
npm http fetch GET 200 https://registry.npmjs.org/@types%2fmdast 131ms (cache revalidated)
npm http fetch GET 200 https://registry.npmjs.org/hast-util-from-parse5 138ms (cache revalidated)
npm http fetch GET 200 https://registry.npmjs.org/mdast-util-from-markdown 136ms (cache revalidated)
npm http fetch GET 200 https://registry.npmjs.org/@types%2fmdast 137ms (cache revalidated)
npm http fetch GET 200 https://registry.npmjs.org/micromark-util-types 60ms (cache revalidated)
npm http fetch GET 200 https://registry.npmjs.org/bail 48ms (cache revalidated)
npm http fetch GET 200 https://registry.npmjs.org/@types%2fmdast 62ms (cache revalidated)
npm http fetch GET 200 https://registry.npmjs.org/mdast-util-to-hast 60ms (cache revalidated)
npm http fetch GET 200 https://registry.npmjs.org/retext 63ms (cache revalidated)
npm http fetch GET 200 https://registry.npmjs.org/retext-smartypants 63ms (cache revalidated)
npm http fetch GET 200 https://registry.npmjs.org/is-plain-obj 97ms (cache revalidated)
npm http fetch GET 200 https://registry.npmjs.org/trough 97ms (cache revalidated)
npm http fetch GET 200 https://registry.npmjs.org/extend 101ms (cache revalidated)
npm http fetch GET 200 https://registry.npmjs.org/is-inside-container 86ms (cache revalidated)
npm http fetch GET 200 https://registry.npmjs.org/jsesc 69ms (cache revalidated)
npm http fetch GET 200 https://registry.npmjs.org/@babel%2fhelper-globals 78ms (cache revalidated)
npm http fetch GET 200 https://registry.npmjs.org/js-tokens 89ms (cache revalidated)
npm http fetch GET 200 https://registry.npmjs.org/@jridgewell%2fgen-mapping 87ms (cache revalidated)
npm http fetch GET 200 https://registry.npmjs.org/lru-cache 98ms (cache revalidated)
npm http fetch GET 200 https://registry.npmjs.org/@jridgewell%2fgen-mapping 107ms (cache revalidated)
npm http fetch GET 200 https://registry.npmjs.org/@jridgewell%2ftrace-mapping 105ms (cache revalidated)
npm http fetch GET 200 https://registry.npmjs.org/@babel%2fhelper-validator-option 108ms (cache revalidated)
npm http fetch GET 200 https://registry.npmjs.org/@babel%2fcompat-data 109ms (cache revalidated)
npm http fetch GET 200 https://registry.npmjs.org/@jridgewell%2ftrace-mapping 117ms (cache revalidated)
npm http fetch GET 200 https://registry.npmjs.org/@jridgewell%2fresolve-uri 104ms (cache revalidated)
npm http fetch GET 200 https://registry.npmjs.org/node-releases 49ms (cache revalidated)
npm http fetch GET 200 https://registry.npmjs.org/update-browserslist-db 57ms (cache revalidated)
npm http fetch GET 200 https://registry.npmjs.org/yallist 60ms (cache revalidated)
npm http fetch GET 200 https://registry.npmjs.org/baseline-browser-mapping 66ms (cache revalidated)
npm http fetch GET 200 https://registry.npmjs.org/electron-to-chromium 90ms (cache revalidated)
npm http fetch GET 200 https://registry.npmjs.org/emoji-regex 51ms (cache revalidated)
npm http fetch GET 200 https://registry.npmjs.org/ansi-styles 51ms (cache revalidated)
npm http fetch GET 200 https://registry.npmjs.org/get-east-asian-width 53ms (cache revalidated)
npm http fetch GET 200 https://registry.npmjs.org/is-fullwidth-code-point 57ms (cache revalidated)
npm http fetch GET 200 https://registry.npmjs.org/fill-range 45ms (cache revalidated)
npm http fetch GET 200 https://registry.npmjs.org/binary-extensions 64ms (cache revalidated)
npm http fetch GET 200 https://registry.npmjs.org/is-extglob 83ms (cache revalidated)
npm http fetch GET 200 https://registry.npmjs.org/to-regex-range 77ms (cache revalidated)
npm http fetch GET 200 https://registry.npmjs.org/fastq 72ms (cache revalidated)
npm http fetch GET 200 https://registry.npmjs.org/@nodelib%2ffs.scandir 79ms (cache revalidated)
npm http fetch GET 200 https://registry.npmjs.org/reusify 51ms (cache revalidated)
npm http fetch GET 200 https://registry.npmjs.org/run-parallel 58ms (cache revalidated)
npm http fetch GET 200 https://registry.npmjs.org/queue-microtask 45ms (cache revalidated)
npm http fetch GET 200 https://registry.npmjs.org/is-number 61ms (cache revalidated)
npm http fetch GET 200 https://registry.npmjs.org/esprima 58ms (cache revalidated)
npm http fetch GET 200 https://registry.npmjs.org/extend-shallow 65ms (cache revalidated)
npm http fetch GET 200 https://registry.npmjs.org/web-namespaces 95ms (cache revalidated)
npm http fetch GET 200 https://registry.npmjs.org/unist-util-stringify-position 96ms (cache revalidated)
npm http fetch GET 200 https://registry.npmjs.org/entities 100ms (cache revalidated)
npm http fetch GET 200 https://registry.npmjs.org/dequal 102ms (cache revalidated)
npm http fetch GET 200 https://registry.npmjs.org/vfile-location 102ms (cache revalidated)
npm http fetch GET 200 https://registry.npmjs.org/property-information 105ms (cache revalidated)
npm http fetch GET 200 https://registry.npmjs.org/hastscript 117ms (cache revalidated)
npm http fetch GET 200 https://registry.npmjs.org/comma-separated-tokens 80ms (cache revalidated)
npm http fetch GET 200 https://registry.npmjs.org/hast-util-parse-selector 81ms (cache revalidated)
npm http fetch GET 200 https://registry.npmjs.org/space-separated-tokens 94ms (cache revalidated)
npm http fetch GET 200 https://registry.npmjs.org/ansi-regex 63ms (cache revalidated)
npm http fetch GET 200 https://registry.npmjs.org/restore-cursor 64ms (cache revalidated)
npm http fetch GET 200 https://registry.npmjs.org/signal-exit 75ms (cache revalidated)
npm http fetch GET 200 https://registry.npmjs.org/onetime 85ms (cache revalidated)
npm http fetch GET 200 https://registry.npmjs.org/pkg-dir 68ms (cache revalidated)
npm http fetch GET 200 https://registry.npmjs.org/find-up 83ms (cache revalidated)
npm http fetch GET 200 https://registry.npmjs.org/locate-path 59ms (cache revalidated)
npm http fetch GET 200 https://registry.npmjs.org/path-exists 72ms (cache revalidated)
npm http fetch GET 200 https://registry.npmjs.org/p-locate 359ms (cache revalidated)
npm http fetch GET 200 https://registry.npmjs.org/p-try 67ms (cache revalidated)
npm http fetch GET 200 https://registry.npmjs.org/hast-util-to-parse5 70ms (cache revalidated)
npm http fetch GET 200 https://registry.npmjs.org/html-void-elements 80ms (cache revalidated)
npm http fetch GET 200 https://registry.npmjs.org/zwitch 86ms (cache revalidated)
npm http fetch GET 200 https://registry.npmjs.org/@ungap%2fstructured-clone 88ms (cache revalidated)
npm http fetch GET 200 https://registry.npmjs.org/unist-util-position 89ms (cache revalidated)
npm http fetch GET 200 https://registry.npmjs.org/trim-lines 65ms (cache revalidated)
npm http fetch GET 200 https://registry.npmjs.org/micromark-util-sanitize-uri 88ms (cache revalidated)
npm http fetch GET 200 https://registry.npmjs.org/micromark-util-encode 53ms (cache revalidated)
npm http fetch GET 200 https://registry.npmjs.org/micromark-util-symbol 70ms (cache revalidated)
npm http fetch GET 200 https://registry.npmjs.org/micromark-util-character 245ms (cache revalidated)
npm http fetch GET 200 https://registry.npmjs.org/ccount 72ms (cache revalidated)
npm http fetch GET 200 https://registry.npmjs.org/hast-util-whitespace 72ms (cache revalidated)
npm http fetch GET 200 https://registry.npmjs.org/stringify-entities 73ms (cache revalidated)
npm http fetch GET 200 https://registry.npmjs.org/character-entities-html4 68ms (cache revalidated)
npm http fetch GET 200 https://registry.npmjs.org/character-entities-legacy 74ms (cache revalidated)
npm http fetch GET 200 https://registry.npmjs.org/micromark-extension-gfm-task-list-item 85ms (cache revalidated)
npm http fetch GET 200 https://registry.npmjs.org/micromark-extension-gfm-strikethrough 87ms (cache revalidated)
npm http fetch GET 200 https://registry.npmjs.org/mdast-util-gfm-strikethrough 89ms (cache revalidated)
npm http fetch GET 200 https://registry.npmjs.org/micromark-extension-gfm-table 96ms (cache revalidated)
npm http fetch GET 200 https://registry.npmjs.org/mdast-util-gfm-footnote 99ms (cache revalidated)
npm http fetch GET 200 https://registry.npmjs.org/mdast-util-to-markdown 97ms (cache revalidated)
npm http fetch GET 200 https://registry.npmjs.org/mdast-util-gfm-autolink-literal 102ms (cache revalidated)
npm http fetch GET 200 https://registry.npmjs.org/mdast-util-to-markdown 106ms (cache revalidated)
npm http fetch GET 200 https://registry.npmjs.org/micromark-extension-gfm-autolink-literal 108ms (cache revalidated)
npm http fetch GET 200 https://registry.npmjs.org/micromark-util-combine-extensions 108ms (cache revalidated)
npm http fetch GET 200 https://registry.npmjs.org/mdast-util-gfm-table 110ms (cache revalidated)
npm http fetch GET 200 https://registry.npmjs.org/micromark-extension-gfm-footnote 112ms (cache revalidated)
npm http fetch GET 200 https://registry.npmjs.org/micromark-extension-gfm-tagfilter 111ms (cache revalidated)
npm http fetch GET 200 https://registry.npmjs.org/mdast-util-gfm-task-list-item 114ms (cache revalidated)
npm http fetch GET 200 https://registry.npmjs.org/micromark-util-decode-string 68ms (cache revalidated)
npm http fetch GET 200 https://registry.npmjs.org/decode-named-character-reference 69ms (cache revalidated)
npm http fetch GET 200 https://registry.npmjs.org/micromark-util-normalize-identifier 69ms (cache revalidated)
npm http fetch GET 200 https://registry.npmjs.org/mdast-util-to-string 70ms (cache revalidated)
npm http fetch GET 200 https://registry.npmjs.org/micromark-util-decode-numeric-character-reference 71ms (cache revalidated)
npm http fetch GET 200 https://registry.npmjs.org/micromark-util-normalize-identifier 78ms (cache revalidated)
npm http fetch GET 200 https://registry.npmjs.org/micromark-util-decode-string 75ms (cache revalidated)
npm http fetch GET 200 https://registry.npmjs.org/mdast-util-find-and-replace 79ms (cache revalidated)
npm http fetch GET 200 https://registry.npmjs.org/micromark-util-classify-character 77ms (cache revalidated)
npm http fetch GET 200 https://registry.npmjs.org/markdown-table 80ms (cache revalidated)
npm http fetch GET 200 https://registry.npmjs.org/micromark 83ms (cache revalidated)
npm http fetch GET 200 https://registry.npmjs.org/mdast-util-to-string 82ms (cache revalidated)
npm http fetch GET 200 https://registry.npmjs.org/mdast-util-phrasing 83ms (cache revalidated)
npm http fetch GET 200 https://registry.npmjs.org/longest-streak 84ms (cache revalidated)
npm http fetch GET 200 https://registry.npmjs.org/micromark-factory-space 65ms (cache revalidated)
npm http fetch GET 200 https://registry.npmjs.org/character-entities 68ms (cache revalidated)
npm http fetch GET 200 https://registry.npmjs.org/micromark-util-subtokenize 75ms (cache revalidated)
npm http fetch GET 200 https://registry.npmjs.org/micromark-util-resolve-all 76ms (cache revalidated)
npm http fetch GET 200 https://registry.npmjs.org/@types%2fdebug 77ms (cache revalidated)
npm http fetch GET 200 https://registry.npmjs.org/micromark-core-commonmark 78ms (cache revalidated)
npm http fetch GET 200 https://registry.npmjs.org/micromark-util-chunked 86ms (cache revalidated)
npm http fetch GET 200 https://registry.npmjs.org/escape-string-regexp 60ms (cache revalidated)
npm http fetch GET 200 https://registry.npmjs.org/micromark-factory-destination 50ms (cache revalidated)
npm http fetch GET 200 https://registry.npmjs.org/micromark-factory-label 65ms (cache revalidated)
npm http fetch GET 200 https://registry.npmjs.org/micromark-util-html-tag-name 71ms (cache revalidated)
npm http fetch GET 200 https://registry.npmjs.org/micromark-factory-title 74ms (cache revalidated)
npm http fetch GET 200 https://registry.npmjs.org/micromark-factory-whitespace 80ms (cache revalidated)
npm http fetch GET 200 https://registry.npmjs.org/retext-stringify 63ms (cache revalidated)
npm http fetch GET 200 https://registry.npmjs.org/retext-latin 63ms (cache revalidated)
npm http fetch GET 200 https://registry.npmjs.org/nlcst-to-string 65ms (cache revalidated)
npm http fetch GET 200 https://registry.npmjs.org/@types%2fnlcst 72ms (cache revalidated)
npm http fetch GET 200 https://registry.npmjs.org/@types%2fnlcst 77ms (cache revalidated)
npm http fetch GET 200 https://registry.npmjs.org/mimic-function 79ms (cache revalidated)
npm http fetch GET 200 https://registry.npmjs.org/parse-latin 77ms (cache revalidated)
npm http fetch GET 200 https://registry.npmjs.org/unist-util-visit-children 67ms (cache revalidated)
npm http fetch GET 200 https://registry.npmjs.org/unist-util-modify-children 74ms (cache revalidated)
npm http fetch GET 200 https://registry.npmjs.org/array-iterate 59ms (cache revalidated)
npm http fetch GET 200 https://registry.npmjs.org/is-extendable 57ms (cache revalidated)
npm http fetch GET 200 https://registry.npmjs.org/color-convert 78ms (cache revalidated)
npm http fetch GET 200 https://registry.npmjs.org/@emnapi%2fruntime 86ms (cache revalidated)
npm http fetch GET 200 https://registry.npmjs.org/color-string 87ms (cache revalidated)
npm http fetch GET 200 https://registry.npmjs.org/tslib 72ms (cache revalidated)
npm http fetch GET 200 https://registry.npmjs.org/color-name 70ms (cache revalidated)
npm http fetch GET 200 https://registry.npmjs.org/color-name 79ms (cache revalidated)
npm http fetch GET 200 https://registry.npmjs.org/simple-swizzle 79ms (cache revalidated)
npm http fetch GET 200 https://registry.npmjs.org/is-arrayish 58ms (cache revalidated)
npm http fetch GET 200 https://registry.npmjs.org/oniguruma-to-es 100ms (cache revalidated)
npm http fetch GET 200 https://registry.npmjs.org/regex-recursion 57ms (cache revalidated)
npm http fetch GET 200 https://registry.npmjs.org/regex 66ms (cache revalidated)
npm http fetch GET 200 https://registry.npmjs.org/emoji-regex-xs 83ms (cache revalidated)
npm http fetch GET 200 https://registry.npmjs.org/regex-utilities 74ms (cache revalidated)
npm http fetch GET 200 https://registry.npmjs.org/regex-utilities 80ms (cache revalidated)
npm http fetch GET 200 https://registry.npmjs.org/camelcase-css 72ms (cache revalidated)
npm http fetch GET 200 https://registry.npmjs.org/ts-interface-checker 72ms (cache revalidated)
npm http fetch GET 200 https://registry.npmjs.org/lines-and-columns 75ms (cache revalidated)
npm http fetch GET 200 https://registry.npmjs.org/mz 75ms (cache revalidated)
npm http fetch GET 200 https://registry.npmjs.org/supports-preserve-symlinks-flag 78ms (cache revalidated)
npm http fetch GET 200 https://registry.npmjs.org/read-cache 85ms (cache revalidated)
npm http fetch GET 200 https://registry.npmjs.org/is-core-module 85ms (cache revalidated)
npm http fetch GET 200 https://registry.npmjs.org/path-parse 85ms (cache revalidated)
npm http fetch GET 200 https://registry.npmjs.org/pirates 84ms (cache revalidated)
npm http fetch GET 200 https://registry.npmjs.org/util-deprecate 95ms (cache revalidated)
npm http fetch GET 200 https://registry.npmjs.org/tinyglobby 94ms (cache revalidated)
npm http fetch GET 200 https://registry.npmjs.org/commander 96ms (cache revalidated)
npm http fetch GET 200 https://registry.npmjs.org/pify 74ms (cache revalidated)
npm http fetch GET 200 https://registry.npmjs.org/hasown 56ms (cache revalidated)
npm http fetch GET 200 https://registry.npmjs.org/function-bind 80ms (cache revalidated)
npm http fetch GET 200 https://registry.npmjs.org/object-assign 84ms (cache revalidated)
npm http fetch GET 200 https://registry.npmjs.org/fdir 84ms (cache revalidated)
npm http fetch GET 200 https://registry.npmjs.org/any-promise 86ms (cache revalidated)
npm http fetch GET 200 https://registry.npmjs.org/thenify-all 87ms (cache revalidated)
npm http fetch GET 200 https://registry.npmjs.org/thenify 55ms (cache revalidated)
npm http fetch GET 200 https://registry.npmjs.org/@rollup%2frollup-android-arm64 92ms (cache revalidated)
npm http fetch GET 200 https://registry.npmjs.org/@rollup%2frollup-linux-arm64-gnu 93ms (cache revalidated)
npm http fetch GET 200 https://registry.npmjs.org/@rollup%2frollup-win32-arm64-msvc 103ms (cache revalidated)
npm http fetch GET 200 https://registry.npmjs.org/@rollup%2frollup-freebsd-arm64 107ms (cache revalidated)
npm http fetch GET 200 https://registry.npmjs.org/@rollup%2frollup-android-arm-eabi 108ms (cache revalidated)
npm http fetch GET 200 https://registry.npmjs.org/@rollup%2frollup-linux-arm64-musl 114ms (cache revalidated)
npm http fetch GET 200 https://registry.npmjs.org/@rollup%2frollup-linux-loong64-gnu 121ms (cache revalidated)
npm http fetch GET 200 https://registry.npmjs.org/@rollup%2frollup-linux-riscv64-gnu 122ms (cache revalidated)
npm http fetch GET 200 https://registry.npmjs.org/@rollup%2frollup-linux-arm-musleabihf 125ms (cache revalidated)
npm http fetch GET 200 https://registry.npmjs.org/@rollup%2frollup-linux-arm-gnueabihf 126ms (cache revalidated)
npm http fetch GET 200 https://registry.npmjs.org/@rollup%2frollup-linux-ppc64-gnu 131ms (cache revalidated)
npm http fetch GET 200 https://registry.npmjs.org/@rollup%2frollup-win32-ia32-msvc 133ms (cache revalidated)
npm http fetch GET 200 https://registry.npmjs.org/@rollup%2frollup-darwin-arm64 137ms (cache revalidated)
npm http fetch GET 200 https://registry.npmjs.org/@rollup%2frollup-linux-s390x-gnu 137ms (cache revalidated)
npm http fetch GET 200 https://registry.npmjs.org/@rollup%2frollup-linux-riscv64-musl 144ms (cache revalidated)
npm http fetch GET 200 https://registry.npmjs.org/@rollup%2frollup-win32-x64-gnu 71ms (cache revalidated)
npm http fetch GET 200 https://registry.npmjs.org/@rollup%2frollup-win32-x64-msvc 69ms (cache revalidated)
npm http fetch GET 200 https://registry.npmjs.org/@rollup%2frollup-linux-x64-musl 62ms (cache revalidated)
npm http fetch GET 200 https://registry.npmjs.org/@rollup%2frollup-darwin-x64 87ms (cache revalidated)
npm http fetch GET 200 https://registry.npmjs.org/@rollup%2frollup-linux-x64-gnu 73ms (cache revalidated)
npm http fetch GET 200 https://registry.npmjs.org/@rollup%2frollup-freebsd-x64 85ms (cache revalidated)
npm http fetch GET 200 https://registry.npmjs.org/@rollup%2frollup-openharmony-arm64 90ms (cache revalidated)
npm http fetch GET 200 https://registry.npmjs.org/emmet 57ms (cache revalidated)
npm http fetch GET 200 https://registry.npmjs.org/jsonc-parser 82ms (cache revalidated)
npm http fetch GET 200 https://registry.npmjs.org/@emmetio%2fscanner 83ms (cache revalidated)
npm http fetch GET 200 https://registry.npmjs.org/@emmetio%2fstream-reader 85ms (cache revalidated)
npm http fetch GET 200 https://registry.npmjs.org/@emmetio%2fstream-reader-utils 88ms (cache revalidated)
npm http fetch GET 200 https://registry.npmjs.org/@emmetio%2fabbreviation 65ms (cache revalidated)
npm http fetch GET 200 https://registry.npmjs.org/@emmetio%2fcss-abbreviation 77ms (cache revalidated)
npm http fetch GET 200 https://registry.npmjs.org/ajv-draft-04 64ms (cache revalidated)
npm http fetch GET 200 https://registry.npmjs.org/lodash 70ms (cache revalidated)
npm http fetch GET 200 https://registry.npmjs.org/ajv 73ms (cache revalidated)
npm http fetch GET 200 https://registry.npmjs.org/vscode-json-languageservice 82ms (cache revalidated)
npm http fetch GET 200 https://registry.npmjs.org/graceful-fs 58ms (cache revalidated)
npm http fetch GET 200 https://registry.npmjs.org/strip-bom 70ms (cache revalidated)
npm http fetch GET 200 https://registry.npmjs.org/fast-uri 62ms (cache revalidated)
npm http fetch GET 200 https://registry.npmjs.org/require-from-string 74ms (cache revalidated)
npm http fetch GET 200 https://registry.npmjs.org/fast-deep-equal 75ms (cache revalidated)
npm http fetch GET 200 https://registry.npmjs.org/json-schema-traverse 84ms (cache revalidated)
npm http fetch GET 200 https://registry.npmjs.org/sprintf-js 74ms (cache revalidated)
npm verbose stack Error: ENOTEMPTY: directory not empty, rename '/mnt/c/Users/aarel/Documents/coding/signal-draft/site/node_modules/tailwindcss' -> '/mnt/c/Users/aarel/Documents/coding/signal-draft/site/node_modules/.tailwindcss-vSp4tEuN'
npm verbose stack     at async Object.rename (node:internal/fs/promises:782:10)
npm verbose stack     at async moveFile (/home/aarel/.nvm/versions/node/v20.19.5/lib/node_modules/npm/node_modules/@npmcli/fs/lib/move-file.js:30:5)
npm verbose stack     at async Promise.allSettled (index 6)
npm verbose stack     at async [reifyPackages] (/home/aarel/.nvm/versions/node/v20.19.5/lib/node_modules/npm/node_modules/@npmcli/arborist/lib/arborist/reify.js:325:11)
npm verbose stack     at async Arborist.reify (/home/aarel/.nvm/versions/node/v20.19.5/lib/node_modules/npm/node_modules/@npmcli/arborist/lib/arborist/reify.js:142:5)
npm verbose stack     at async Install.exec (/home/aarel/.nvm/versions/node/v20.19.5/lib/node_modules/npm/lib/commands/install.js:150:5)
npm verbose stack     at async Npm.exec (/home/aarel/.nvm/versions/node/v20.19.5/lib/node_modules/npm/lib/npm.js:207:9)
npm verbose stack     at async module.exports (/home/aarel/.nvm/versions/node/v20.19.5/lib/node_modules/npm/lib/cli/entry.js:74:5)
npm error code ENOTEMPTY
npm error syscall rename
npm error path /mnt/c/Users/aarel/Documents/coding/signal-draft/site/node_modules/tailwindcss
npm error dest /mnt/c/Users/aarel/Documents/coding/signal-draft/site/node_modules/.tailwindcss-vSp4tEuN
npm error errno -39
npm error ENOTEMPTY: directory not empty, rename '/mnt/c/Users/aarel/Documents/coding/signal-draft/site/node_modules/tailwindcss' -> '/mnt/c/Users/aarel/Documents/coding/signal-draft/site/node_modules/.tailwindcss-vSp4tEuN'
npm verbose cwd /mnt/c/Users/aarel/Documents/coding/signal-draft/site
npm verbose os Linux 6.6.87.2-microsoft-standard-WSL2
npm verbose node v20.19.5
npm verbose npm  v10.8.2
npm verbose exit -39
npm verbose code -39
npm error A complete log of this run can be found in: /home/aarel/.npm/_logs/2025-11-20T22_44_21_168Z-debug-0.log
